<?xml version="1.0" encoding="UTF-8"?>
<!-- Generated by org.testng.reporters.JUnitReportReporter -->
<testsuite hostname="Vishal-Sable" failures="0" tests="1" name="Test_cases.TC_001" time="45.923" errors="0" timestamp="2024-06-13T22:46:00 IST" skipped="0">
  <testcase classname="Test_cases.TC_001" name="drp" time="45.923"/>
  <system-out/>
</testsuite> <!-- Test_cases.TC_001 -->
